<?xml version="1.0" encoding="UTF-8"?>
<!-- Generated by org.testng.reporters.JUnitReportReporter -->
<testsuite hostname="DESKTOP-ECA6PBO" failures="0" tests="2" name="loginPage.LoginValidation" time="12.196" errors="0" timestamp="2024-01-12T04:49:44 GMT" skipped="0">
  <testcase classname="loginPage.LoginValidation" name="loginOperationValidation" time="8.822"/>
  <testcase classname="loginPage.LoginValidation" name="champ" time="3.374"/>
</testsuite> <!-- loginPage.LoginValidation -->
